<?xml version="1.0" encoding="UTF-8"?>
<!-- Generated by org.testng.reporters.JUnitReportReporter -->
<testsuite skipped="0" hostname="GGN-SLS-302670" name="TestNG.t2" tests="1" failures="0" timestamp="19 Jun 2018 11:17:07 GMT" time="0.008" errors="0">
  <testcase name="beformethod" time="0.008" classname="TestNG.t2"/>
</testsuite> <!-- TestNG.t2 -->
