<?xml version="1.0" encoding="UTF-8"?>
<!-- Generated by org.testng.reporters.JUnitReportReporter -->
<testsuite skipped="0" hostname="GGN-SLS-302670" name="TestNG.Test1" tests="2" failures="0" timestamp="19 Jun 2018 11:23:13 GMT" time="0.005" errors="0">
  <testcase name="method2" time="0.001" classname="TestNG.Test1"/>
  <testcase name="method1" time="0.004" classname="TestNG.Test1"/>
</testsuite> <!-- TestNG.Test1 -->
