<?xml version="1.0" encoding="UTF-8"?>
<!-- Generated by org.testng.reporters.JUnitReportReporter -->
<testsuite skipped="0" hostname="GGN-SLS-302670" name="TestNG.test2" tests="2" failures="0" timestamp="05 Jun 2018 09:54:13 GMT" time="0.009" errors="0">
  <testcase name="method3" time="0.008" classname="TestNG.test2"/>
  <testcase name="method4" time="0.001" classname="TestNG.test2"/>
</testsuite> <!-- TestNG.test2 -->
