<?xml version="1.0" encoding="UTF-8"?>
<!-- Generated by org.testng.reporters.JUnitReportReporter -->
<testsuite skipped="0" hostname="GGN-SLS-302670" name="TestNG.t1" tests="1" failures="0" timestamp="19 Jun 2018 11:21:35 GMT" time="0.003" errors="0">
  <testcase name="print" time="0.003" classname="TestNG.t1"/>
</testsuite> <!-- TestNG.t1 -->
